<?xml version="1.0" encoding="UTF-8"?>
<!-- Generated by org.testng.reporters.JUnitXMLReporter -->
<testsuite ignored="0" hostname="Sirikis-MacBook-Pro.local" failures="0" tests="2" name="Default test" time="129.828" errors="0" timestamp="2025-10-12T23:59:22 IST">
  <testcase classname="com.automation.recruiterreach.RecruiterReach_Naukri_Updater.NaukriUpdateTest" name="hourlyProfileUpdateTest" time="77.435"/>
  <testcase classname="com.automation.recruiterreach.RecruiterReach_Naukri_Updater.NaukriUpdateTest" name="hourlyResumeUploadTest" time="40.125"/>
</testsuite> <!-- Default test -->
