<?xml version="1.0" encoding="UTF-8"?>
<!-- Generated by org.testng.reporters.JUnitReportReporter -->
<testsuite hostname="Sirikis-MacBook-Pro.local" failures="0" tests="2" name="com.automation.recruiterreach.RecruiterReach_Naukri_Updater.NaukriUpdateTest" time="129.785" errors="0" timestamp="2025-10-12T23:59:22 IST" skipped="0">
  <testcase classname="com.automation.recruiterreach.RecruiterReach_Naukri_Updater.NaukriUpdateTest" name="hourlyProfileUpdateTest" time="84.397"/>
  <testcase classname="com.automation.recruiterreach.RecruiterReach_Naukri_Updater.NaukriUpdateTest" name="hourlyResumeUploadTest" time="45.388"/>
</testsuite> <!-- com.automation.recruiterreach.RecruiterReach_Naukri_Updater.NaukriUpdateTest -->
