<?xml version="1.0" encoding="UTF-8"?>
<!-- Generated by org.testng.reporters.JUnitReportReporter -->
<testsuite hostname="Sirikis-MacBook-Pro.local" failures="0" tests="1" name="com.automation.recruiterreach.RecruiterReach_Naukri_Updater.NaukriUpdateTest" time="124.969" errors="0" timestamp="2025-12-06T19:11:20 IST" skipped="0">
  <testcase classname="com.automation.recruiterreach.RecruiterReach_Naukri_Updater.NaukriUpdateTest" name="hourlyResumeUploadTest" time="124.969"/>
</testsuite> <!-- com.automation.recruiterreach.RecruiterReach_Naukri_Updater.NaukriUpdateTest -->
